e:\github\jslctrl\resultsearch\x64\debug\resultsearch.obj
e:\github\jslctrl\resultsearch\x64\debug\main.obj
e:\github\jslctrl\resultsearch\x64\debug\moc_resultsearch.obj
e:\github\jslctrl\resultsearch\x64\debug\vc140.pdb
e:\github\jslctrl\resultsearch\generatedfiles\debug\moc_resultsearch.cpp
e:\github\jslctrl\x64\debug\resultsearch.ilk
e:\github\jslctrl\x64\debug\resultsearch.exe
e:\github\jslctrl\x64\debug\resultsearch.pdb
e:\github\jslctrl\resultsearch\x64\debug\resource.res
e:\github\jslctrl\resultsearch\x64\debug\resultsearch.tlog\cl.command.1.tlog
e:\github\jslctrl\resultsearch\x64\debug\resultsearch.tlog\cl.read.1.tlog
e:\github\jslctrl\resultsearch\x64\debug\resultsearch.tlog\cl.write.1.tlog
e:\github\jslctrl\resultsearch\x64\debug\resultsearch.tlog\custombuild.command.1.tlog
e:\github\jslctrl\resultsearch\x64\debug\resultsearch.tlog\custombuild.read.1.tlog
e:\github\jslctrl\resultsearch\x64\debug\resultsearch.tlog\custombuild.write.1.tlog
e:\github\jslctrl\resultsearch\x64\debug\resultsearch.tlog\link.command.1.tlog
e:\github\jslctrl\resultsearch\x64\debug\resultsearch.tlog\link.read.1.tlog
e:\github\jslctrl\resultsearch\x64\debug\resultsearch.tlog\link.write.1.tlog
e:\github\jslctrl\resultsearch\x64\debug\resultsearch.tlog\rc.command.1.tlog
e:\github\jslctrl\resultsearch\x64\debug\resultsearch.tlog\rc.read.1.tlog
e:\github\jslctrl\resultsearch\x64\debug\resultsearch.tlog\rc.write.1.tlog
