d:\projects\jslctrl\resultsearch\x64\release\resultsearch.obj
d:\projects\jslctrl\resultsearch\x64\release\main.obj
d:\projects\jslctrl\resultsearch\x64\release\qrc_resultsearch.obj
d:\projects\jslctrl\resultsearch\x64\release\moc_resultsearch.obj
d:\projects\jslctrl\x64\release\resultsearch.exe
d:\projects\jslctrl\resultsearch\.\generatedfiles\release\moc_resultsearch.cpp
d:\projects\jslctrl\resultsearch\.\generatedfiles\qrc_resultsearch.cpp
d:\projects\jslctrl\resultsearch\.\generatedfiles\ui_resultsearch.h
d:\projects\jslctrl\resultsearch\x64\release\resource.res
d:\projects\jslctrl\resultsearch\generatedfiles\release\moc_resultsearch.cpp
d:\projects\jslctrl\resultsearch\generatedfiles\qrc_resultsearch.cpp
d:\projects\jslctrl\resultsearch\generatedfiles\ui_resultsearch.h
e:\github\jslctrl\resultsearch\x64\release\main.obj
e:\github\jslctrl\resultsearch\x64\release\moc_resultsearch.obj
e:\github\jslctrl\resultsearch\x64\release\qrc_resultsearch.obj
e:\github\jslctrl\resultsearch\x64\release\resultsearch.obj
e:\github\jslctrl\resultsearch\x64\release\resource.res
e:\github\jslctrl\x64\release\resultsearch.exe
e:\github\jslctrl\resultsearch\x64\release\resultsearch.tlog\cl.command.1.tlog
e:\github\jslctrl\resultsearch\x64\release\resultsearch.tlog\cl.read.1.tlog
e:\github\jslctrl\resultsearch\x64\release\resultsearch.tlog\cl.write.1.tlog
e:\github\jslctrl\resultsearch\x64\release\resultsearch.tlog\link.command.1.tlog
e:\github\jslctrl\resultsearch\x64\release\resultsearch.tlog\link.read.1.tlog
e:\github\jslctrl\resultsearch\x64\release\resultsearch.tlog\link.write.1.tlog
e:\github\jslctrl\resultsearch\x64\release\resultsearch.tlog\qtmoc.read.1u.tlog
e:\github\jslctrl\resultsearch\x64\release\resultsearch.tlog\qtmoc.write.1u.tlog
e:\github\jslctrl\resultsearch\x64\release\resultsearch.tlog\qtrcc.read.1u.tlog
e:\github\jslctrl\resultsearch\x64\release\resultsearch.tlog\qtrcc.write.1u.tlog
e:\github\jslctrl\resultsearch\x64\release\resultsearch.tlog\qtuic.read.1u.tlog
e:\github\jslctrl\resultsearch\x64\release\resultsearch.tlog\qtuic.write.1u.tlog
e:\github\jslctrl\resultsearch\x64\release\resultsearch.tlog\rc.command.1.tlog
e:\github\jslctrl\resultsearch\x64\release\resultsearch.tlog\rc.read.1.tlog
e:\github\jslctrl\resultsearch\x64\release\resultsearch.tlog\rc.write.1.tlog
e:\github\jslctrl\resultsearch\x64\release\resultsearch.tlog\resultsearch.write.1u.tlog
