e:\github\jslctrl\jslctrl\x64\debug\debugmode.obj
e:\github\jslctrl\jslctrl\x64\debug\moc_debugmode.obj
e:\github\jslctrl\jslctrl\x64\debug\leisaimotion.obj
e:\github\jslctrl\jslctrl\x64\debug\interface.obj
e:\github\jslctrl\jslctrl\x64\debug\jslctrl.obj
e:\github\jslctrl\jslctrl\x64\debug\iolabel.obj
e:\github\jslctrl\jslctrl\x64\debug\main.obj
e:\github\jslctrl\jslctrl\x64\debug\moc_interface.obj
e:\github\jslctrl\jslctrl\x64\debug\moc_jslctrl.obj
e:\github\jslctrl\jslctrl\x64\debug\moc_iolabel.obj
e:\github\jslctrl\jslctrl\x64\debug\moc_leisaimotion.obj
e:\github\jslctrl\jslctrl\x64\debug\vc140.pdb
e:\github\jslctrl\jslctrl\generatedfiles\debug\moc_debugmode.cpp
e:\github\jslctrl\jslctrl\generatedfiles\debug\moc_interface.cpp
e:\github\jslctrl\x64\debug\jslctrl.ilk
e:\github\jslctrl\x64\debug\jslctrl.exe
e:\github\jslctrl\x64\debug\jslctrl.pdb
e:\github\jslctrl\jslctrl\x64\debug\jslctrl.res
e:\github\jslctrl\jslctrl\x64\debug\jslctrl.tlog\cl.command.1.tlog
e:\github\jslctrl\jslctrl\x64\debug\jslctrl.tlog\cl.read.1.tlog
e:\github\jslctrl\jslctrl\x64\debug\jslctrl.tlog\cl.write.1.tlog
e:\github\jslctrl\jslctrl\x64\debug\jslctrl.tlog\custombuild.command.1.tlog
e:\github\jslctrl\jslctrl\x64\debug\jslctrl.tlog\custombuild.read.1.tlog
e:\github\jslctrl\jslctrl\x64\debug\jslctrl.tlog\custombuild.write.1.tlog
e:\github\jslctrl\jslctrl\x64\debug\jslctrl.tlog\link.command.1.tlog
e:\github\jslctrl\jslctrl\x64\debug\jslctrl.tlog\link.read.1.tlog
e:\github\jslctrl\jslctrl\x64\debug\jslctrl.tlog\link.write.1.tlog
e:\github\jslctrl\jslctrl\x64\debug\jslctrl.tlog\rc.command.1.tlog
e:\github\jslctrl\jslctrl\x64\debug\jslctrl.tlog\rc.read.1.tlog
e:\github\jslctrl\jslctrl\x64\debug\jslctrl.tlog\rc.write.1.tlog
